[debug] [2023-03-13T12:48:24.024Z] ----------------------------------------------------------------------
[debug] [2023-03-13T12:48:24.026Z] Command:       C:\Program Files\nodejs\node.exe C:\Users\batal\AppData\Roaming\npm\node_modules\firebase-tools\lib\bin\firebase.js deploy
[debug] [2023-03-13T12:48:24.027Z] CLI Version:   11.24.1
[debug] [2023-03-13T12:48:24.027Z] Platform:      win32
[debug] [2023-03-13T12:48:24.027Z] Node Version:  v16.10.0
[debug] [2023-03-13T12:48:24.028Z] Time:          Mon Mar 13 2023 14:48:24 GMT+0200 (Israel Standard Time)
[debug] [2023-03-13T12:48:24.028Z] ----------------------------------------------------------------------
[debug] 
[debug] [2023-03-13T12:48:24.032Z] >>> [apiv2][query] GET https://firebase-public.firebaseio.com/cli.json [none]
[debug] [2023-03-13T12:48:24.132Z] > command requires scopes: ["email","openid","https://www.googleapis.com/auth/cloudplatformprojects.readonly","https://www.googleapis.com/auth/firebase","https://www.googleapis.com/auth/cloud-platform"]
[debug] [2023-03-13T12:48:24.133Z] > authorizing via signed-in user (vladbatalinontech@gmail.com)
[debug] [2023-03-13T12:48:24.133Z] [iam] checking project reviewsapp-bv for permissions ["firebase.projects.get","firebasehosting.sites.update"]
[debug] [2023-03-13T12:48:24.134Z] > refreshing access token with scopes: []
[debug] [2023-03-13T12:48:24.135Z] >>> [apiv2][query] POST https://www.googleapis.com/oauth2/v3/token [none]
[debug] [2023-03-13T12:48:24.135Z] >>> [apiv2][body] POST https://www.googleapis.com/oauth2/v3/token [omitted]
[debug] [2023-03-13T12:48:24.323Z] <<< [apiv2][status] POST https://www.googleapis.com/oauth2/v3/token 200
[debug] [2023-03-13T12:48:24.324Z] <<< [apiv2][body] POST https://www.googleapis.com/oauth2/v3/token [omitted]
[debug] [2023-03-13T12:48:24.336Z] >>> [apiv2][query] POST https://cloudresourcemanager.googleapis.com/v1/projects/reviewsapp-bv:testIamPermissions [none]
[debug] [2023-03-13T12:48:24.337Z] >>> [apiv2][(partial)header] POST https://cloudresourcemanager.googleapis.com/v1/projects/reviewsapp-bv:testIamPermissions x-goog-quota-user=projects/reviewsapp-bv
[debug] [2023-03-13T12:48:24.337Z] >>> [apiv2][body] POST https://cloudresourcemanager.googleapis.com/v1/projects/reviewsapp-bv:testIamPermissions {"permissions":["firebase.projects.get","firebasehosting.sites.update"]}
[debug] [2023-03-13T12:48:24.541Z] <<< [apiv2][status] GET https://firebase-public.firebaseio.com/cli.json 200
[debug] [2023-03-13T12:48:24.541Z] <<< [apiv2][body] GET https://firebase-public.firebaseio.com/cli.json {"cloudBuildErrorAfter":1594252800000,"cloudBuildWarnAfter":1590019200000,"defaultNode10After":1594252800000,"minVersion":"3.0.5","node8DeploysDisabledAfter":1613390400000,"node8RuntimeDisabledAfter":1615809600000,"node8WarnAfter":1600128000000}
[debug] [2023-03-13T12:48:25.344Z] <<< [apiv2][status] POST https://cloudresourcemanager.googleapis.com/v1/projects/reviewsapp-bv:testIamPermissions 200
[debug] [2023-03-13T12:48:25.344Z] <<< [apiv2][body] POST https://cloudresourcemanager.googleapis.com/v1/projects/reviewsapp-bv:testIamPermissions {"permissions":["firebase.projects.get","firebasehosting.sites.update"]}
[debug] [2023-03-13T12:48:25.345Z] >>> [apiv2][query] GET https://firebase.googleapis.com/v1beta1/projects/reviewsapp-bv [none]
[debug] [2023-03-13T12:48:25.841Z] <<< [apiv2][status] GET https://firebase.googleapis.com/v1beta1/projects/reviewsapp-bv 200
[debug] [2023-03-13T12:48:25.842Z] <<< [apiv2][body] GET https://firebase.googleapis.com/v1beta1/projects/reviewsapp-bv {"projectId":"reviewsapp-bv","projectNumber":"633660493401","displayName":"reviewsapp-bv","name":"projects/reviewsapp-bv","resources":{"hostingSite":"reviewsapp-bv"},"state":"ACTIVE","etag":"1_dbe2bb02-5964-4cfd-8adb-fbd8f188f2e8"}
[info] 
[info] === Deploying to 'reviewsapp-bv'...
[info] 
[info] i  deploying hosting 
[debug] [2023-03-13T12:48:25.855Z] >>> [apiv2][query] POST https://firebasehosting.googleapis.com/v1beta1/projects/-/sites/reviewsapp-bv/versions [none]
[debug] [2023-03-13T12:48:25.855Z] >>> [apiv2][body] POST https://firebasehosting.googleapis.com/v1beta1/projects/-/sites/reviewsapp-bv/versions {"status":"CREATED","labels":{"deployment-tool":"cli-firebase"}}
[debug] [2023-03-13T12:48:27.467Z] <<< [apiv2][status] POST https://firebasehosting.googleapis.com/v1beta1/projects/-/sites/reviewsapp-bv/versions 200
[debug] [2023-03-13T12:48:27.467Z] <<< [apiv2][body] POST https://firebasehosting.googleapis.com/v1beta1/projects/-/sites/reviewsapp-bv/versions {"name":"projects/633660493401/sites/reviewsapp-bv/versions/b936f9ae1d39dd95","status":"CREATED","config":{},"labels":{"deployment-tool":"cli-firebase"}}
[info] i  hosting[reviewsapp-bv]: beginning deploy... 
[info] i  hosting[reviewsapp-bv]: found 43 files in build 
[debug] [2023-03-13T12:48:27.508Z] [hosting] uploading with 200 concurrency
[debug] [2023-03-13T12:48:27.810Z] [hosting] hash cache [YnVpbGQ] stored for 43 files
[debug] [2023-03-13T12:48:27.811Z] [hosting][hash queue][FINAL] {"max":291,"min":9,"avg":35.48837209302326,"active":0,"complete":43,"success":43,"errored":0,"retried":0,"total":43,"elapsed":300}
[debug] [2023-03-13T12:48:27.811Z] >>> [apiv2][query] POST https://firebasehosting.googleapis.com/v1beta1/projects/633660493401/sites/reviewsapp-bv/versions/b936f9ae1d39dd95:populateFiles [none]
[debug] [2023-03-13T12:48:27.811Z] >>> [apiv2][body] POST https://firebasehosting.googleapis.com/v1beta1/projects/633660493401/sites/reviewsapp-bv/versions/b936f9ae1d39dd95:populateFiles {"files":{"/favicon.ico":"8a1ab86216c9133e6fd3ed9145f6336c97d7e554a2466130834fa50167dbc282","/manifest.json":"a5f173da85473e143f47c0062e39435c29131ca2defcdecb2da1f36d8ce22da3","/robots.txt":"5fcd5c559ded0c02b3ed7840ca3ee77e95b798730af98d9f18bc627ac898071e","/asset-manifest.json":"aca2883012bb6cd83d16a0321581def919e405d47f4338e1058fc768bc807345","/precache-manifest.ea0b6de062cfe6d98d935b2deaadd222.js":"95babfea332b14a3f327c5aec405bdcc801479ea65e66f55a6e06816bed2826f","/index.html":"66c8d0f6e7c873c5e440eb5a6b43cf441c651b6c20bf95703a5f5da93c54c3c9","/service-worker.js":"b35c1a8c3805d639541378b62c7c12d6545c01ccc30a69b4bf1e31c48b80addb","/static/css/0.79adf130.chunk.css":"764e08810d2eb0bd2521d4ae1989774b891645d6bd0e3b52fbfeafcffa09b5c8","/static/css/0.79adf130.chunk.css.map":"ab321076682a416a08a5c7358283b338495ba99ecad044c200b915405c5f0783","/static/css/5.d2b6a070.chunk.css":"a70b27ef8e6326ec96fc424eaef4aecf6b84c68931105d5b7359b10d1a0a1130","/static/css/5.d2b6a070.chunk.css.map":"ccb378bda4a39e8ff23a6b29c73abbf1617077d0c00d78039d035fcce09b2282","/static/css/6.6ec3b96a.chunk.css":"2079e31d91a0597115c5d2f5d3e9b0a17c1ad6cfbb36975cc1cca80c1b62e13a","/static/css/7.a177f7eb.chunk.css":"0e75e8be8bd0654c0a222ea703c994ac5457c0eba180f2e62b58f7f6bfb20270","/static/css/8.e181e2a8.chunk.css":"faf3f69a42d47c6364297ed56280f48a3e44808d017f7f41a2c4400caf8b4f03","/static/css/7.a177f7eb.chunk.css.map":"c080ff3cdec66306dcad113fd512bb480d32d6c79c0857e55ab2b780d5350a64","/static/css/6.6ec3b96a.chunk.css.map":"9ea7bce08206b02fbfd673145e7525f503e36881acaff429cac0b132c30a4813","/static/css/8.e181e2a8.chunk.css.map":"64ae70a54c97dea21594cb193488c548ff8eeb229939016295a34d7ed9690229","/static/css/9.d8b70cf3.chunk.css":"4b8b3a592da4dbaf9e3e3baab7a3fea67b9290995d9d584029d6a8808492b7db","/static/css/9.d8b70cf3.chunk.css.map":"1c4512bb49f5bcba545b7ac5031482a6d6c8e749c7bcb3dc8212af3c6d20a8a3","/static/css/main.2e50ebe4.chunk.css":"3737ca3c2bf503c95be9a0a214f607416ef0d55c96c8cd08a79266057c1a9839","/static/css/main.2e50ebe4.chunk.css.map":"d3f1c8d4e0297452814824e4747fb7f179bce1cd0de4e0dfdf4674b53165f1d6","/static/js/0.88a48ca0.chunk.js":"dcbcd512eac0347ef1e1ad0a41e75729076786beacbee18ceff488715ebb01fc","/static/js/10.c0deb804.chunk.js":"5777000cc9e1ed2ad8c603c32d202ade2cacba319ec4b9083a230740b35fec8f","/static/js/0.88a48ca0.chunk.js.map":"3e50eda8eb53b95353838121de48f2f54b5cfcdda49de517e08b63118686cb10","/static/js/5.dcbaf8af.chunk.js":"fc4bf6b0f045bdef29f699cf36306d841376b15d29d5dc2219bb243187807edc","/static/js/6.17eb7616.chunk.js":"ae7cc57c86eeff2ec33763ef714851ac8afc5386fb6f2b83a47af61df9ad4144","/static/js/5.dcbaf8af.chunk.js.map":"355c79c8fd08dc6f2ecc7246626d4fcf606bffb99f584ac44481f4f7cd5add2c","/static/js/7.c3c33b68.chunk.js":"0529e9fa2709bbe2181002ca946e5dcd3df26da8f1e0cdee69f799ed23a3d928","/static/js/7.c3c33b68.chunk.js.map":"c5c16184299309fd148d41b5ce766c2a149c37b04281e532628b40cfd2550fc1","/static/js/8.bb86b362.chunk.js":"f5d01cb21861677894cb9d3f7f252e87df0f166ebc1ee1c5918d929a3e399919","/static/js/main.a46d3c85.chunk.js":"701d5bffe8c7c747be1f7fd2bf6acf8d1f0f27b1766f9ae7531ea84c10c8c671","/static/js/8.bb86b362.chunk.js.map":"7074471895bc6771096c572f30dd0eca718f267f62758bc34c2e332b4fe2d14f","/static/js/9.e84c3bfe.chunk.js.map":"9d56fc87028190584533190b60f66c2ffeec51992c8c3611d5b2a74b6b62c82c","/static/js/6.17eb7616.chunk.js.map":"c6ce20784699a8cd1dce8ac70985166cb0a9d44534820e3ea2f96bb5b746ef1f","/static/js/runtime-main.acead647.js":"dc902540542c4a4907e563a6f37d8aba503ae904faddd0f7c60ffc62fa491598","/static/js/9.e84c3bfe.chunk.js":"6f208cb60c8b8fad11974aa413a093c609a4fb6454f36aaeee34f8388939803c","/static/js/main.a46d3c85.chunk.js.map":"ff3ef0930b2bff78e054e6ade33344b816774f37b3522d610886e69320c33360","/static/js/runtime-main.acead647.js.map":"c3520d049077e4c7bf51f460ae8172573c3310b5394eecec671ef29b4d6e378c","/static/js/3.dff47f99.chunk.js":"749af49ce77a1a30f7a2a2d409d777f0f8096fbc970d3e8c4dcb684130889437","/static/js/4.e810ef92.chunk.js":"e7add8700ffa8c1cbe8c048f70a54860150bbdc51c72cdb209f4210cd7348ebe","/static/js/10.c0deb804.chunk.js.map":"845f26369faf6ff0cb4ddaf7ced43eb341207729ff485cc9ea24b0cb416b1054","/static/js/4.e810ef92.chunk.js.map":"c70f6848f4396f4b418beb8cb7b81ad6a3458bae387a2c3058ee7b0038e291d6","/static/js/3.dff47f99.chunk.js.map":"36a5002953b10923e5d8865d568b0925e97ef0d00eb1c024f5764fa4adc8924e"}}
[debug] [2023-03-13T12:48:29.108Z] <<< [apiv2][status] POST https://firebasehosting.googleapis.com/v1beta1/projects/633660493401/sites/reviewsapp-bv/versions/b936f9ae1d39dd95:populateFiles 200
[debug] [2023-03-13T12:48:29.108Z] <<< [apiv2][body] POST https://firebasehosting.googleapis.com/v1beta1/projects/633660493401/sites/reviewsapp-bv/versions/b936f9ae1d39dd95:populateFiles {"uploadRequiredHashes":["b35c1a8c3805d639541378b62c7c12d6545c01ccc30a69b4bf1e31c48b80addb","95babfea332b14a3f327c5aec405bdcc801479ea65e66f55a6e06816bed2826f","ff3ef0930b2bff78e054e6ade33344b816774f37b3522d610886e69320c33360","701d5bffe8c7c747be1f7fd2bf6acf8d1f0f27b1766f9ae7531ea84c10c8c671","66c8d0f6e7c873c5e440eb5a6b43cf441c651b6c20bf95703a5f5da93c54c3c9","aca2883012bb6cd83d16a0321581def919e405d47f4338e1058fc768bc807345"],"uploadUrl":"https://upload-firebasehosting.googleapis.com/upload/sites/reviewsapp-bv/versions/b936f9ae1d39dd95/files"}
[debug] [2023-03-13T12:48:29.110Z] >>> [apiv2][query] POST https://upload-firebasehosting.googleapis.com/upload/sites/reviewsapp-bv/versions/b936f9ae1d39dd95/files/b35c1a8c3805d639541378b62c7c12d6545c01ccc30a69b4bf1e31c48b80addb [none]
[debug] [2023-03-13T12:48:29.110Z] >>> [apiv2][body] POST https://upload-firebasehosting.googleapis.com/upload/sites/reviewsapp-bv/versions/b936f9ae1d39dd95/files/b35c1a8c3805d639541378b62c7c12d6545c01ccc30a69b4bf1e31c48b80addb [stream]
[debug] [2023-03-13T12:48:29.111Z] >>> [apiv2][query] POST https://upload-firebasehosting.googleapis.com/upload/sites/reviewsapp-bv/versions/b936f9ae1d39dd95/files/95babfea332b14a3f327c5aec405bdcc801479ea65e66f55a6e06816bed2826f [none]
[debug] [2023-03-13T12:48:29.111Z] >>> [apiv2][body] POST https://upload-firebasehosting.googleapis.com/upload/sites/reviewsapp-bv/versions/b936f9ae1d39dd95/files/95babfea332b14a3f327c5aec405bdcc801479ea65e66f55a6e06816bed2826f [stream]
[debug] [2023-03-13T12:48:29.112Z] >>> [apiv2][query] POST https://upload-firebasehosting.googleapis.com/upload/sites/reviewsapp-bv/versions/b936f9ae1d39dd95/files/ff3ef0930b2bff78e054e6ade33344b816774f37b3522d610886e69320c33360 [none]
[debug] [2023-03-13T12:48:29.112Z] >>> [apiv2][body] POST https://upload-firebasehosting.googleapis.com/upload/sites/reviewsapp-bv/versions/b936f9ae1d39dd95/files/ff3ef0930b2bff78e054e6ade33344b816774f37b3522d610886e69320c33360 [stream]
[debug] [2023-03-13T12:48:29.113Z] >>> [apiv2][query] POST https://upload-firebasehosting.googleapis.com/upload/sites/reviewsapp-bv/versions/b936f9ae1d39dd95/files/701d5bffe8c7c747be1f7fd2bf6acf8d1f0f27b1766f9ae7531ea84c10c8c671 [none]
[debug] [2023-03-13T12:48:29.113Z] >>> [apiv2][body] POST https://upload-firebasehosting.googleapis.com/upload/sites/reviewsapp-bv/versions/b936f9ae1d39dd95/files/701d5bffe8c7c747be1f7fd2bf6acf8d1f0f27b1766f9ae7531ea84c10c8c671 [stream]
[debug] [2023-03-13T12:48:29.114Z] >>> [apiv2][query] POST https://upload-firebasehosting.googleapis.com/upload/sites/reviewsapp-bv/versions/b936f9ae1d39dd95/files/66c8d0f6e7c873c5e440eb5a6b43cf441c651b6c20bf95703a5f5da93c54c3c9 [none]
[debug] [2023-03-13T12:48:29.114Z] >>> [apiv2][body] POST https://upload-firebasehosting.googleapis.com/upload/sites/reviewsapp-bv/versions/b936f9ae1d39dd95/files/66c8d0f6e7c873c5e440eb5a6b43cf441c651b6c20bf95703a5f5da93c54c3c9 [stream]
[debug] [2023-03-13T12:48:29.115Z] >>> [apiv2][query] POST https://upload-firebasehosting.googleapis.com/upload/sites/reviewsapp-bv/versions/b936f9ae1d39dd95/files/aca2883012bb6cd83d16a0321581def919e405d47f4338e1058fc768bc807345 [none]
[debug] [2023-03-13T12:48:29.115Z] >>> [apiv2][body] POST https://upload-firebasehosting.googleapis.com/upload/sites/reviewsapp-bv/versions/b936f9ae1d39dd95/files/aca2883012bb6cd83d16a0321581def919e405d47f4338e1058fc768bc807345 [stream]
[debug] [2023-03-13T12:48:29.116Z] [hosting][populate queue][FINAL] {"max":1301,"min":1301,"avg":1301,"active":0,"complete":1,"success":1,"errored":0,"retried":0,"total":1,"elapsed":1307}
[debug] [2023-03-13T12:48:29.116Z] [hosting] uploads queued: 6
[debug] [2023-03-13T12:48:30.257Z] <<< [apiv2][status] POST https://upload-firebasehosting.googleapis.com/upload/sites/reviewsapp-bv/versions/b936f9ae1d39dd95/files/ff3ef0930b2bff78e054e6ade33344b816774f37b3522d610886e69320c33360 200
[debug] [2023-03-13T12:48:30.257Z] <<< [apiv2][body] POST https://upload-firebasehosting.googleapis.com/upload/sites/reviewsapp-bv/versions/b936f9ae1d39dd95/files/ff3ef0930b2bff78e054e6ade33344b816774f37b3522d610886e69320c33360 [stream]
[debug] [2023-03-13T12:48:30.277Z] <<< [apiv2][status] POST https://upload-firebasehosting.googleapis.com/upload/sites/reviewsapp-bv/versions/b936f9ae1d39dd95/files/95babfea332b14a3f327c5aec405bdcc801479ea65e66f55a6e06816bed2826f 200
[debug] [2023-03-13T12:48:30.277Z] <<< [apiv2][body] POST https://upload-firebasehosting.googleapis.com/upload/sites/reviewsapp-bv/versions/b936f9ae1d39dd95/files/95babfea332b14a3f327c5aec405bdcc801479ea65e66f55a6e06816bed2826f [stream]
[debug] [2023-03-13T12:48:30.353Z] <<< [apiv2][status] POST https://upload-firebasehosting.googleapis.com/upload/sites/reviewsapp-bv/versions/b936f9ae1d39dd95/files/aca2883012bb6cd83d16a0321581def919e405d47f4338e1058fc768bc807345 200
[debug] [2023-03-13T12:48:30.353Z] <<< [apiv2][body] POST https://upload-firebasehosting.googleapis.com/upload/sites/reviewsapp-bv/versions/b936f9ae1d39dd95/files/aca2883012bb6cd83d16a0321581def919e405d47f4338e1058fc768bc807345 [stream]
[debug] [2023-03-13T12:48:30.369Z] <<< [apiv2][status] POST https://upload-firebasehosting.googleapis.com/upload/sites/reviewsapp-bv/versions/b936f9ae1d39dd95/files/66c8d0f6e7c873c5e440eb5a6b43cf441c651b6c20bf95703a5f5da93c54c3c9 200
[debug] [2023-03-13T12:48:30.369Z] <<< [apiv2][body] POST https://upload-firebasehosting.googleapis.com/upload/sites/reviewsapp-bv/versions/b936f9ae1d39dd95/files/66c8d0f6e7c873c5e440eb5a6b43cf441c651b6c20bf95703a5f5da93c54c3c9 [stream]
[debug] [2023-03-13T12:48:30.742Z] <<< [apiv2][status] POST https://upload-firebasehosting.googleapis.com/upload/sites/reviewsapp-bv/versions/b936f9ae1d39dd95/files/b35c1a8c3805d639541378b62c7c12d6545c01ccc30a69b4bf1e31c48b80addb 200
[debug] [2023-03-13T12:48:30.742Z] <<< [apiv2][body] POST https://upload-firebasehosting.googleapis.com/upload/sites/reviewsapp-bv/versions/b936f9ae1d39dd95/files/b35c1a8c3805d639541378b62c7c12d6545c01ccc30a69b4bf1e31c48b80addb [stream]
[debug] [2023-03-13T12:48:30.756Z] <<< [apiv2][status] POST https://upload-firebasehosting.googleapis.com/upload/sites/reviewsapp-bv/versions/b936f9ae1d39dd95/files/701d5bffe8c7c747be1f7fd2bf6acf8d1f0f27b1766f9ae7531ea84c10c8c671 200
[debug] [2023-03-13T12:48:30.757Z] <<< [apiv2][body] POST https://upload-firebasehosting.googleapis.com/upload/sites/reviewsapp-bv/versions/b936f9ae1d39dd95/files/701d5bffe8c7c747be1f7fd2bf6acf8d1f0f27b1766f9ae7531ea84c10c8c671 [stream]
[debug] [2023-03-13T12:48:30.757Z] [hosting][upload queue][FINAL] {"max":1648,"min":1149,"avg":1350.3333333333333,"active":0,"complete":6,"success":6,"errored":0,"retried":0,"total":6,"elapsed":1648}
[info] +  hosting[reviewsapp-bv]: file upload complete 
[debug] [2023-03-13T12:48:30.760Z] [hosting] deploy completed after 3289ms
[debug] [2023-03-13T12:48:30.763Z] [
  {
    "config": {
      "public": "build",
      "ignore": [
        "firebase.json",
        "**/.*",
        "**/node_modules/**"
      ],
      "rewrites": [
        {
          "source": "**",
          "destination": "/index.html"
        }
      ],
      "site": "reviewsapp-bv"
    },
    "version": "projects/633660493401/sites/reviewsapp-bv/versions/b936f9ae1d39dd95"
  }
]
[info] i  hosting[reviewsapp-bv]: finalizing version... 
[debug] [2023-03-13T12:48:30.769Z] >>> [apiv2][query] PATCH https://firebasehosting.googleapis.com/v1beta1/projects/-/sites/reviewsapp-bv/versions/b936f9ae1d39dd95 updateMask=status%2Cconfig
[debug] [2023-03-13T12:48:30.769Z] >>> [apiv2][body] PATCH https://firebasehosting.googleapis.com/v1beta1/projects/-/sites/reviewsapp-bv/versions/b936f9ae1d39dd95 {"status":"FINALIZED","config":{"rewrites":[{"glob":"**","path":"/index.html"}]}}
[debug] [2023-03-13T12:48:31.994Z] <<< [apiv2][status] PATCH https://firebasehosting.googleapis.com/v1beta1/projects/-/sites/reviewsapp-bv/versions/b936f9ae1d39dd95 200
